<?xml version="1.0" encoding="UTF-8"?>
<robot generator="Robot 7.1.1 (Python 3.11.10 on linux)" generated="2024-11-18T20:57:06.026362" rpa="false" schemaversion="5">
<suite id="s1" name="Tests" source="/home/eero/repositories/webcounter/src/tests">
<suite id="s1-s1" name="Increment" source="/home/eero/repositories/webcounter/src/tests/increment.robot">
<kw name="Open And Configure Browser" owner="resource" type="SETUP">
<if>
<branch type="IF" condition="$BROWSER == 'chrome'">
<kw name="Evaluate" owner="BuiltIn">
<var>${options}</var>
<arg>sys.modules['selenium.webdriver'].ChromeOptions()</arg>
<arg>sys</arg>
<doc>Evaluates the given expression in Python and returns the result.</doc>
<status status="NOT RUN" start="2024-11-18T20:57:06.155278" elapsed="0.000038"/>
</kw>
<status status="NOT RUN" start="2024-11-18T20:57:06.152624" elapsed="0.002771"/>
</branch>
<branch type="ELSE IF" condition="$BROWSER == 'firefox'">
<kw name="Evaluate" owner="BuiltIn">
<msg time="2024-11-18T20:57:06.155912" level="INFO">${options} = &lt;selenium.webdriver.firefox.options.Options object at 0x7f11743ffb50&gt;</msg>
<var>${options}</var>
<arg>sys.modules['selenium.webdriver'].FirefoxOptions()</arg>
<arg>sys</arg>
<doc>Evaluates the given expression in Python and returns the result.</doc>
<status status="PASS" start="2024-11-18T20:57:06.155626" elapsed="0.000320"/>
</kw>
<status status="PASS" start="2024-11-18T20:57:06.155442" elapsed="0.000561"/>
</branch>
<status status="PASS" start="2024-11-18T20:57:06.152590" elapsed="0.003450"/>
</if>
<if>
<branch type="IF" condition="$HEADLESS == 'true'">
<kw name="Set Selenium Speed" owner="SeleniumLibrary">
<arg>0</arg>
<doc>Sets the delay that is waited after each Selenium command.</doc>
<status status="NOT RUN" start="2024-11-18T20:57:06.156329" elapsed="0.000028"/>
</kw>
<kw name="Call Method" owner="BuiltIn">
<arg>${options}</arg>
<arg>add_argument</arg>
<arg>--headless</arg>
<doc>Calls the named method of the given object with the provided arguments.</doc>
<status status="NOT RUN" start="2024-11-18T20:57:06.156450" elapsed="0.000026"/>
</kw>
<status status="NOT RUN" start="2024-11-18T20:57:06.156166" elapsed="0.000354"/>
</branch>
<branch type="ELSE">
<kw name="Set Selenium Speed" owner="SeleniumLibrary">
<arg>${DELAY}</arg>
<doc>Sets the delay that is waited after each Selenium command.</doc>
<status status="PASS" start="2024-11-18T20:57:06.156636" elapsed="0.000218"/>
</kw>
<status status="PASS" start="2024-11-18T20:57:06.156556" elapsed="0.000340"/>
</branch>
<status status="PASS" start="2024-11-18T20:57:06.156149" elapsed="0.000778"/>
</if>
<kw name="Open Browser" owner="SeleniumLibrary">
<msg time="2024-11-18T20:57:06.157256" level="INFO">Opening browser 'firefox' to base url 'None'.</msg>
<arg>browser=${BROWSER}</arg>
<arg>options=${options}</arg>
<doc>Opens a new browser instance to the optional ``url``.</doc>
<status status="PASS" start="2024-11-18T20:57:06.157020" elapsed="3.300222"/>
</kw>
<status status="PASS" start="2024-11-18T20:57:06.152364" elapsed="3.305037"/>
</kw>
<test id="s1-s1-t1" name="At start the counter is zero" line="7">
<kw name="Go To" owner="SeleniumLibrary">
<msg time="2024-11-18T20:57:09.458218" level="INFO">Opening url 'http://localhost:5001'</msg>
<arg>${HOME_URL}</arg>
<doc>Navigates the current browser window to the provided ``url``.</doc>
<status status="PASS" start="2024-11-18T20:57:09.458005" elapsed="0.572502"/>
</kw>
<kw name="Title Should Be" owner="SeleniumLibrary">
<msg time="2024-11-18T20:57:10.533048" level="INFO">Page title is 'Laskuri'.</msg>
<arg>Laskuri</arg>
<doc>Verifies that the current page title equals ``title``.</doc>
<status status="PASS" start="2024-11-18T20:57:10.030860" elapsed="0.502351"/>
</kw>
<kw name="Page Should Contain" owner="SeleniumLibrary">
<msg time="2024-11-18T20:57:11.559436" level="INFO">Current page contains text 'nappia painettu 0 kertaa'.</msg>
<arg>nappia painettu 0 kertaa</arg>
<doc>Verifies that current page contains ``text``.</doc>
<status status="PASS" start="2024-11-18T20:57:10.533522" elapsed="1.026073"/>
</kw>
<status status="PASS" start="2024-11-18T20:57:09.457518" elapsed="2.102363"/>
</test>
<test id="s1-s1-t2" name="When button pressed twice the counter is two" line="12">
<kw name="Go To" owner="SeleniumLibrary">
<msg time="2024-11-18T20:57:11.560823" level="INFO">Opening url 'http://localhost:5001'</msg>
<arg>${HOME_URL}</arg>
<doc>Navigates the current browser window to the provided ``url``.</doc>
<status status="PASS" start="2024-11-18T20:57:11.560594" elapsed="0.525425"/>
</kw>
<kw name="Click Button" owner="SeleniumLibrary">
<msg time="2024-11-18T20:57:12.086865" level="INFO">Clicking button 'Paina'.</msg>
<arg>Paina</arg>
<doc>Clicks the button identified by ``locator``.</doc>
<status status="PASS" start="2024-11-18T20:57:12.086354" elapsed="1.552871"/>
</kw>
<kw name="Click Button" owner="SeleniumLibrary">
<msg time="2024-11-18T20:57:13.639813" level="INFO">Clicking button 'Paina'.</msg>
<arg>Paina</arg>
<doc>Clicks the button identified by ``locator``.</doc>
<status status="PASS" start="2024-11-18T20:57:13.639559" elapsed="1.537898"/>
</kw>
<kw name="Page Should Contain" owner="SeleniumLibrary">
<msg time="2024-11-18T20:57:16.183898" level="INFO">Current page contains text 'nappia painettu 2 kertaa'.</msg>
<arg>nappia painettu 2 kertaa</arg>
<doc>Verifies that current page contains ``text``.</doc>
<status status="PASS" start="2024-11-18T20:57:15.177780" elapsed="1.006259"/>
</kw>
<status status="PASS" start="2024-11-18T20:57:11.560171" elapsed="4.624120"/>
</test>
<kw name="Close Browser" owner="SeleniumLibrary" type="TEARDOWN">
<doc>Closes the current browser.</doc>
<status status="PASS" start="2024-11-18T20:57:16.184869" elapsed="1.145145"/>
</kw>
<status status="PASS" start="2024-11-18T20:57:06.048851" elapsed="11.281271"/>
</suite>
<suite id="s1-s2" name="Reset" source="/home/eero/repositories/webcounter/src/tests/reset.robot">
<kw name="Open And Configure Browser" owner="resource" type="SETUP">
<if>
<branch type="IF" condition="$BROWSER == 'chrome'">
<kw name="Evaluate" owner="BuiltIn">
<var>${options}</var>
<arg>sys.modules['selenium.webdriver'].ChromeOptions()</arg>
<arg>sys</arg>
<doc>Evaluates the given expression in Python and returns the result.</doc>
<status status="NOT RUN" start="2024-11-18T20:57:17.333860" elapsed="0.000031"/>
</kw>
<status status="NOT RUN" start="2024-11-18T20:57:17.333599" elapsed="0.000346"/>
</branch>
<branch type="ELSE IF" condition="$BROWSER == 'firefox'">
<kw name="Evaluate" owner="BuiltIn">
<msg time="2024-11-18T20:57:17.334432" level="INFO">${options} = &lt;selenium.webdriver.firefox.options.Options object at 0x7f1174477b50&gt;</msg>
<var>${options}</var>
<arg>sys.modules['selenium.webdriver'].FirefoxOptions()</arg>
<arg>sys</arg>
<doc>Evaluates the given expression in Python and returns the result.</doc>
<status status="PASS" start="2024-11-18T20:57:17.334174" elapsed="0.000290"/>
</kw>
<status status="PASS" start="2024-11-18T20:57:17.333990" elapsed="0.000520"/>
</branch>
<status status="PASS" start="2024-11-18T20:57:17.333569" elapsed="0.000979"/>
</if>
<if>
<branch type="IF" condition="$HEADLESS == 'true'">
<kw name="Set Selenium Speed" owner="SeleniumLibrary">
<arg>0</arg>
<doc>Sets the delay that is waited after each Selenium command.</doc>
<status status="NOT RUN" start="2024-11-18T20:57:17.334781" elapsed="0.000037"/>
</kw>
<kw name="Call Method" owner="BuiltIn">
<arg>${options}</arg>
<arg>add_argument</arg>
<arg>--headless</arg>
<doc>Calls the named method of the given object with the provided arguments.</doc>
<status status="NOT RUN" start="2024-11-18T20:57:17.334911" elapsed="0.000023"/>
</kw>
<status status="NOT RUN" start="2024-11-18T20:57:17.334610" elapsed="0.000361"/>
</branch>
<branch type="ELSE">
<kw name="Set Selenium Speed" owner="SeleniumLibrary">
<arg>${DELAY}</arg>
<doc>Sets the delay that is waited after each Selenium command.</doc>
<status status="PASS" start="2024-11-18T20:57:17.335081" elapsed="0.000231"/>
</kw>
<status status="PASS" start="2024-11-18T20:57:17.335003" elapsed="0.000348"/>
</branch>
<status status="PASS" start="2024-11-18T20:57:17.334592" elapsed="0.000792"/>
</if>
<kw name="Open Browser" owner="SeleniumLibrary">
<msg time="2024-11-18T20:57:17.335796" level="INFO">Opening browser 'firefox' to base url 'None'.</msg>
<arg>browser=${BROWSER}</arg>
<arg>options=${options}</arg>
<doc>Opens a new browser instance to the optional ``url``.</doc>
<status status="PASS" start="2024-11-18T20:57:17.335562" elapsed="3.263254"/>
</kw>
<status status="PASS" start="2024-11-18T20:57:17.333383" elapsed="3.265590"/>
</kw>
<test id="s1-s2-t1" name="When counter has a nonzero value and it is reset the value becomes zero" line="7">
<kw name="Go To" owner="SeleniumLibrary">
<msg time="2024-11-18T20:57:20.599792" level="INFO">Opening url 'http://localhost:5001'</msg>
<arg>${HOME_URL}</arg>
<doc>Navigates the current browser window to the provided ``url``.</doc>
<status status="PASS" start="2024-11-18T20:57:20.599599" elapsed="0.554824"/>
</kw>
<kw name="Click Button" owner="SeleniumLibrary">
<msg time="2024-11-18T20:57:21.155025" level="INFO">Clicking button 'Paina'.</msg>
<arg>Paina</arg>
<doc>Clicks the button identified by ``locator``.</doc>
<status status="PASS" start="2024-11-18T20:57:21.154747" elapsed="1.578411"/>
</kw>
<kw name="Click Button" owner="SeleniumLibrary">
<msg time="2024-11-18T20:57:22.733696" level="INFO">Clicking button 'Paina'.</msg>
<arg>Paina</arg>
<doc>Clicks the button identified by ``locator``.</doc>
<status status="PASS" start="2024-11-18T20:57:22.733460" elapsed="1.533094"/>
</kw>
<kw name="Click Button" owner="SeleniumLibrary">
<msg time="2024-11-18T20:57:24.267166" level="INFO">Clicking button 'Nollaa'.</msg>
<arg>Nollaa</arg>
<doc>Clicks the button identified by ``locator``.</doc>
<status status="PASS" start="2024-11-18T20:57:24.266891" elapsed="1.537994"/>
</kw>
<kw name="Page Should Contain" owner="SeleniumLibrary">
<msg time="2024-11-18T20:57:26.811522" level="INFO">Current page contains text 'nappia painettu 0 kertaa'.</msg>
<arg>nappia painettu 0 kertaa</arg>
<doc>Verifies that current page contains ``text``.</doc>
<status status="PASS" start="2024-11-18T20:57:25.805218" elapsed="1.006450"/>
</kw>
<status status="PASS" start="2024-11-18T20:57:20.599092" elapsed="6.212847"/>
</test>
<kw name="Close Browser" owner="SeleniumLibrary" type="TEARDOWN">
<doc>Closes the current browser.</doc>
<status status="PASS" start="2024-11-18T20:57:26.812451" elapsed="1.142255"/>
</kw>
<status status="PASS" start="2024-11-18T20:57:17.330837" elapsed="10.623972"/>
</suite>
<status status="PASS" start="2024-11-18T20:57:06.027061" elapsed="21.928526"/>
</suite>
<statistics>
<total>
<stat pass="3" fail="0" skip="0">All Tests</stat>
</total>
<tag>
</tag>
<suite>
<stat pass="3" fail="0" skip="0" id="s1" name="Tests">Tests</stat>
<stat pass="2" fail="0" skip="0" id="s1-s1" name="Increment">Tests.Increment</stat>
<stat pass="1" fail="0" skip="0" id="s1-s2" name="Reset">Tests.Reset</stat>
</suite>
</statistics>
<errors>
</errors>
</robot>
